2023-12-23 17:47:30,495 - [INFO] --> [RegSmart] RegSmart Started
2023-12-23 17:47:30,830 - [INFO] --> Initiated about window
2023-12-23 17:50:07,838 - [INFO] --> Exiting RegSmart ...
2023-12-23 22:19:59,858 - [INFO] --> [RegSmart] RegSmart Started
2023-12-23 22:20:00,056 - [INFO] --> Initiated about window
2023-12-23 22:23:09,872 - [INFO] --> Exiting RegSmart ...
2023-12-23 22:29:43,046 - [INFO] --> [RegSmart] RegSmart Started
2023-12-23 22:29:43,117 - [INFO] --> Initiated about window
2023-12-23 22:34:14,215 - [INFO] --> OS Analysis on [Narayani_DESKTOP-1GI7Q43_23-12-2023--]
2023-12-23 22:34:25,984 - [INFO] --> Network Analysis on [Narayani_DESKTOP-1GI7Q43_23-12-2023--]
2023-12-23 22:34:48,406 - [INFO] --> Application Analysis on [Narayani_DESKTOP-1GI7Q43_23-12-2023--]
2023-12-23 22:35:03,950 - [INFO] --> Device Analysis on [Narayani_DESKTOP-1GI7Q43_23-12-2023--]
2023-12-23 22:35:18,805 - [INFO] --> Device Analysis on [Narayani_DESKTOP-1GI7Q43_23-12-2023--]
2023-12-23 22:35:42,660 - [INFO] --> Closed session [Narayani_DESKTOP-1GI7Q43_23-12-2023--]
2023-12-23 22:36:09,684 - [INFO] --> Loaded session [Narayani_DESKTOP-1GI7Q43_23-12-2023--]
2023-12-23 22:36:34,540 - [ERROR] --> [RegSmart] An error occurred in (hash file)
Traceback (most recent call last):
  File "C:\Users\Narayani\OneDrive\Documents\RegEditor\RegSmart\Interface.py", line 313, in hash_file
    hash = Verification.hash_file(filename)
  File "C:\Users\Narayani\OneDrive\Documents\RegEditor\RegSmart\Verification.py", line 34, in hash_file
    with open(path, 'rb') as file:
FileNotFoundError: [Errno 2] No such file or directory: ''
2023-12-23 22:37:04,624 - [INFO] --> Exiting RegSmart ...
2023-12-23 22:38:14,354 - [INFO] --> [RegSmart] RegSmart Started
2023-12-23 22:38:14,424 - [INFO] --> Initiated about window
2023-12-23 22:38:18,880 - [INFO] --> Failed to get investigator name exiting ...
2023-12-23 22:38:24,906 - [INFO] --> [RegSmart] RegSmart Started
2023-12-23 22:38:24,977 - [INFO] --> Initiated about window
2023-12-23 22:38:48,433 - [INFO] --> Failed to get investigator id exiting ...
2023-12-23 22:44:18,327 - [INFO] --> [RegSmart] RegSmart Started
2023-12-23 22:44:18,406 - [INFO] --> Initiated about window
2023-12-23 22:44:33,688 - [INFO] --> Failed to get investigator name exiting ...
2023-12-23 22:44:49,173 - [INFO] --> [RegSmart] RegSmart Started
2023-12-23 22:44:49,237 - [INFO] --> Initiated about window
2023-12-23 22:45:02,149 - [INFO] --> Failed to get investigator id exiting ...
2023-12-23 22:45:46,495 - [INFO] --> [RegSmart] RegSmart Started
2023-12-23 22:45:46,566 - [INFO] --> Initiated about window
2023-12-23 22:45:52,833 - [INFO] --> Failed to get investigator name exiting ...
2023-12-23 22:49:18,850 - [INFO] --> [RegSmart] RegSmart Started
2023-12-23 22:49:18,951 - [INFO] --> Initiated about window
2023-12-23 22:50:05,857 - [INFO] --> Closed session []
2023-12-23 22:50:27,630 - [INFO] --> Loaded session [Narayani_DESKTOP-1GI7Q43_23-12-2023--]
2023-12-23 22:55:06,258 - [INFO] --> Exiting RegSmart ...
2023-12-23 23:04:59,471 - [INFO] --> [RegSmart] RegSmart Started
2023-12-23 23:04:59,563 - [INFO] --> Initiated about window
2023-12-23 23:12:30,082 - [INFO] --> Failed to get investigator id exiting ...
2023-12-23 23:12:33,820 - [INFO] --> [RegSmart] RegSmart Started
2023-12-23 23:12:33,891 - [INFO] --> Initiated about window
2023-12-23 23:14:55,245 - [INFO] --> [RegSmart] RegSmart Started
2023-12-23 23:14:55,316 - [INFO] --> Initiated about window
2023-12-23 23:15:28,815 - [INFO] --> Failed to get investigator id exiting ...
2023-12-23 23:15:57,549 - [INFO] --> [RegSmart] RegSmart Started
2023-12-23 23:15:57,609 - [INFO] --> Initiated about window
2023-12-23 23:16:05,747 - [INFO] --> Failed to get investigator name exiting ...
2023-12-23 23:16:41,676 - [INFO] --> [RegSmart] RegSmart Started
2023-12-23 23:16:41,749 - [INFO] --> Initiated about window
2023-12-23 23:16:48,801 - [INFO] --> Failed to get investigator name exiting ...
2023-12-23 23:17:22,064 - [INFO] --> [RegSmart] RegSmart Started
2023-12-23 23:17:22,124 - [INFO] --> Initiated about window
2023-12-23 23:21:30,917 - [INFO] --> Exiting RegSmart ...
2023-12-23 23:21:40,028 - [INFO] --> [RegSmart] RegSmart Started
2023-12-23 23:21:40,110 - [INFO] --> Initiated about window
2023-12-23 23:21:50,952 - [INFO] --> Failed to get investigator id exiting ...
2023-12-23 23:23:02,857 - [INFO] --> [RegSmart] RegSmart Started
2023-12-23 23:23:02,929 - [INFO] --> Initiated about window
2023-12-23 23:23:09,434 - [INFO] --> Failed to get investigator name exiting ...
2023-12-23 23:24:35,794 - [INFO] --> [RegSmart] RegSmart Started
2023-12-23 23:24:35,871 - [INFO] --> Initiated about window
2023-12-23 23:24:53,415 - [INFO] --> Closed session []
2023-12-23 23:25:15,910 - [INFO] --> Loaded session [Narayani_DESKTOP-1GI7Q43_23-12-2023--]
2023-12-23 23:25:21,413 - [INFO] --> OS Analysis on [Narayani_DESKTOP-1GI7Q43_23-12-2023--]
2023-12-23 23:25:27,476 - [INFO] --> Exiting RegSmart ...
2023-12-23 23:40:04,648 - [INFO] --> [RegSmart] RegSmart Started
2023-12-23 23:40:04,729 - [INFO] --> Initiated about window
2023-12-23 23:40:11,244 - [INFO] --> Failed to get investigator name exiting ...
